<?xml version="1.0" encoding="UTF-8"?>
<!-- Generated by org.testng.reporters.JUnitXMLReporter -->
<testsuite hostname="DESKTOP-2IBOS10" name="rechargeTest" tests="1" failures="0" timestamp="21 Apr 2020 03:00:16 GMT" time="0.013" errors="0">
  <testcase name="@BeforeSuite beforeSuite" time="0.0" classname="com.lemon.day01.section01.NewTest">
    <failure type="org.testng.TestNGException" message="
Parameter &amp;apos;driverPath&amp;apos; is required by @Configuration on method beforeSuite but has not been marked @Optional or defined
in D:\java\MavenTester\src\test\java\com\lemon\day01\section01\testng.xml">
      <![CDATA[org.testng.TestNGException: 
Parameter 'driverPath' is required by @Configuration on method beforeSuite but has not been marked @Optional or defined
in D:\java\MavenTester\src\test\java\com\lemon\day01\section01\testng.xml
... Removed 15 stack frames]]>
    </failure>
  </testcase> <!-- @BeforeSuite beforeSuite -->
  <testcase name="f" time="0.004" classname="com.lemon.day01.section01.NewTest">
    <skipped/>
  </testcase> <!-- f -->
</testsuite> <!-- rechargeTest -->
